{"uuid":"365d91c3-ea70-4076-a449-a9936308c2b2","historyId":"61135c6de46f6ea5d949b63dd0ccf75f","testCaseId":"7ce9b979358b3b5ca9cffc52e123a2be","fullName":"src/test/resources/feature/Login/login.feature:4","labels":[{"name":"tag","value":"login"},{"name":"host","value":"CHEQ-LAP-0332"},{"name":"thread","value":"2236@CHEQ-LAP-0332.main(1)"},{"name":"feature","value":"Login Functionality"},{"name":"story","value":"Login"},{"name":"suite","value":"Login Functionality"},{"name":"testClass","value":"Login"},{"name":"framework","value":"cucumber4jvm"},{"name":"language","value":"java"},{"name":"gherkin_uri","value":"file:///C:/Users/JohnLloydGonzales/Documents/Intermediate/Final/CucumberFramework/src/test/resources/feature/Login/login.feature"},{"name":"package","value":"src.test.resources.feature.Login.login_feature.Login Functionality"}],"links":[],"name":"Login","status":"broken","statusDetails":{"known":false,"muted":false,"flaky":false,"message":"Expected condition failed: waiting for visibility of element located by By.id: Email123 (tried for 5 second(s) with 500 milliseconds interval)\nBuild info: version: '4.27.0', revision: 'd6e718d134'\nSystem info: os.name: 'Windows 11', os.arch: 'amd64', os.version: '10.0', java.version: '21.0.7'\nDriver info: org.openqa.selenium.chrome.ChromeDriver\nCapabilities {acceptInsecureCerts: false, browserName: chrome, browserVersion: 141.0.7390.108, chrome: {chromedriverVersion: 141.0.7390.122 (b477534e7e1..., userDataDir: C:\\Users\\JOHNLL~1\\AppData\\L...}, fedcm:accounts: true, goog:chromeOptions: {debuggerAddress: localhost:63897}, networkConnectionEnabled: false, pageLoadStrategy: normal, platformName: windows, proxy: Proxy(), se:cdp: ws://localhost:63897/devtoo..., se:cdpVersion: 141.0.7390.108, setWindowRect: true, strictFileInteractability: false, timeouts: {implicit: 0, pageLoad: 300000, script: 30000}, unhandledPromptBehavior: dismiss and notify, webauthn:extension:credBlob: true, webauthn:extension:largeBlob: true, webauthn:extension:minPinLength: true, webauthn:extension:prf: true, webauthn:virtualAuthenticators: true}\nSession ID: b032e59890711497aa656fa42d950d73","trace":"org.openqa.selenium.TimeoutException: Expected condition failed: waiting for visibility of element located by By.id: Email123 (tried for 5 second(s) with 500 milliseconds interval)\nBuild info: version: '4.27.0', revision: 'd6e718d134'\nSystem info: os.name: 'Windows 11', os.arch: 'amd64', os.version: '10.0', java.version: '21.0.7'\nDriver info: org.openqa.selenium.chrome.ChromeDriver\nCapabilities {acceptInsecureCerts: false, browserName: chrome, browserVersion: 141.0.7390.108, chrome: {chromedriverVersion: 141.0.7390.122 (b477534e7e1..., userDataDir: C:\\Users\\JOHNLL~1\\AppData\\L...}, fedcm:accounts: true, goog:chromeOptions: {debuggerAddress: localhost:63897}, networkConnectionEnabled: false, pageLoadStrategy: normal, platformName: windows, proxy: Proxy(), se:cdp: ws://localhost:63897/devtoo..., se:cdpVersion: 141.0.7390.108, setWindowRect: true, strictFileInteractability: false, timeouts: {implicit: 0, pageLoad: 300000, script: 30000}, unhandledPromptBehavior: dismiss and notify, webauthn:extension:credBlob: true, webauthn:extension:largeBlob: true, webauthn:extension:minPinLength: true, webauthn:extension:prf: true, webauthn:virtualAuthenticators: true}\nSession ID: b032e59890711497aa656fa42d950d73\r\n\tat org.openqa.selenium.support.ui.WebDriverWait.timeoutException(WebDriverWait.java:84)\r\n\tat org.openqa.selenium.support.ui.FluentWait.until$original$ubz7P9pw(FluentWait.java:228)\r\n\tat org.openqa.selenium.support.ui.FluentWait.until$original$ubz7P9pw$accessor$GnF7yEnp(FluentWait.java)\r\n\tat org.openqa.selenium.support.ui.FluentWait$auxiliary$0yuNcLn5.morph(Unknown Source)\r\n\tat com.parasoft.selenic.javaagent.webdriver.FluentWaitInterceptor.until(FluentWaitInterceptor.java:42)\r\n\tat org.openqa.selenium.support.ui.FluentWait.until(FluentWait.java)\r\n\tat com.cheq.demo_webshop.utils.WaitUtil.waitForElementVisible(WaitUtil.java:38)\r\n\tat com.cheq.demo_webshop.utils.ElementActionUtils.inputElement(ElementActionUtils.java:51)\r\n\tat com.cheq.demo_webshop.pages.LoginPage.enterEmail(LoginPage.java:27)\r\n\tat com.cheq.demo_webshop.stepdefinitions.LoginSteps.user_should_input_valid_login_credentials(LoginSteps.java:43)\r\n\tat ✽.User should input valid login credentials(file:///C:/Users/JohnLloydGonzales/Documents/Intermediate/Final/CucumberFramework/src/test/resources/feature/Login/login.feature:8)\r\n"},"stage":"finished","steps":[{"name":"Given User navigate to webshop login page","status":"passed","statusDetails":{"known":false,"muted":false,"flaky":false},"stage":"finished","steps":[],"attachments":[{"name":"Data table","source":"89e520dc-4039-454f-a01e-e2b302dd68d1-attachment.csv","type":"text/tab-separated-values"}],"parameters":[],"start":1761110042025,"stop":1761110042820},{"name":"\uD83D\uDCF8 User navigate to webshop login page","status":"passed","statusDetails":{"known":false,"muted":false,"flaky":false},"stage":"finished","steps":[],"attachments":[{"name":"Screenshot","source":"f22b6f49-b5b9-426b-b104-77e386cef024-attachment.png","type":"image/png"}],"parameters":[],"start":1761110042820,"stop":1761110042969},{"name":"When User should input valid login credentials","status":"broken","statusDetails":{"known":false,"muted":false,"flaky":false,"message":"Expected condition failed: waiting for visibility of element located by By.id: Email123 (tried for 5 second(s) with 500 milliseconds interval)\nBuild info: version: '4.27.0', revision: 'd6e718d134'\nSystem info: os.name: 'Windows 11', os.arch: 'amd64', os.version: '10.0', java.version: '21.0.7'\nDriver info: org.openqa.selenium.chrome.ChromeDriver\nCapabilities {acceptInsecureCerts: false, browserName: chrome, browserVersion: 141.0.7390.108, chrome: {chromedriverVersion: 141.0.7390.122 (b477534e7e1..., userDataDir: C:\\Users\\JOHNLL~1\\AppData\\L...}, fedcm:accounts: true, goog:chromeOptions: {debuggerAddress: localhost:63897}, networkConnectionEnabled: false, pageLoadStrategy: normal, platformName: windows, proxy: Proxy(), se:cdp: ws://localhost:63897/devtoo..., se:cdpVersion: 141.0.7390.108, setWindowRect: true, strictFileInteractability: false, timeouts: {implicit: 0, pageLoad: 300000, script: 30000}, unhandledPromptBehavior: dismiss and notify, webauthn:extension:credBlob: true, webauthn:extension:largeBlob: true, webauthn:extension:minPinLength: true, webauthn:extension:prf: true, webauthn:virtualAuthenticators: true}\nSession ID: b032e59890711497aa656fa42d950d73","trace":"org.openqa.selenium.TimeoutException: Expected condition failed: waiting for visibility of element located by By.id: Email123 (tried for 5 second(s) with 500 milliseconds interval)\nBuild info: version: '4.27.0', revision: 'd6e718d134'\nSystem info: os.name: 'Windows 11', os.arch: 'amd64', os.version: '10.0', java.version: '21.0.7'\nDriver info: org.openqa.selenium.chrome.ChromeDriver\nCapabilities {acceptInsecureCerts: false, browserName: chrome, browserVersion: 141.0.7390.108, chrome: {chromedriverVersion: 141.0.7390.122 (b477534e7e1..., userDataDir: C:\\Users\\JOHNLL~1\\AppData\\L...}, fedcm:accounts: true, goog:chromeOptions: {debuggerAddress: localhost:63897}, networkConnectionEnabled: false, pageLoadStrategy: normal, platformName: windows, proxy: Proxy(), se:cdp: ws://localhost:63897/devtoo..., se:cdpVersion: 141.0.7390.108, setWindowRect: true, strictFileInteractability: false, timeouts: {implicit: 0, pageLoad: 300000, script: 30000}, unhandledPromptBehavior: dismiss and notify, webauthn:extension:credBlob: true, webauthn:extension:largeBlob: true, webauthn:extension:minPinLength: true, webauthn:extension:prf: true, webauthn:virtualAuthenticators: true}\nSession ID: b032e59890711497aa656fa42d950d73\r\n\tat org.openqa.selenium.support.ui.WebDriverWait.timeoutException(WebDriverWait.java:84)\r\n\tat org.openqa.selenium.support.ui.FluentWait.until$original$ubz7P9pw(FluentWait.java:228)\r\n\tat org.openqa.selenium.support.ui.FluentWait.until$original$ubz7P9pw$accessor$GnF7yEnp(FluentWait.java)\r\n\tat org.openqa.selenium.support.ui.FluentWait$auxiliary$0yuNcLn5.morph(Unknown Source)\r\n\tat com.parasoft.selenic.javaagent.webdriver.FluentWaitInterceptor.until(FluentWaitInterceptor.java:42)\r\n\tat org.openqa.selenium.support.ui.FluentWait.until(FluentWait.java)\r\n\tat com.cheq.demo_webshop.utils.WaitUtil.waitForElementVisible(WaitUtil.java:38)\r\n\tat com.cheq.demo_webshop.utils.ElementActionUtils.inputElement(ElementActionUtils.java:51)\r\n\tat com.cheq.demo_webshop.pages.LoginPage.enterEmail(LoginPage.java:27)\r\n\tat com.cheq.demo_webshop.stepdefinitions.LoginSteps.user_should_input_valid_login_credentials(LoginSteps.java:43)\r\n\tat ✽.User should input valid login credentials(file:///C:/Users/JohnLloydGonzales/Documents/Intermediate/Final/CucumberFramework/src/test/resources/feature/Login/login.feature:8)\r\n"},"stage":"finished","steps":[],"attachments":[{"name":"Data table","source":"ee933861-f02a-42e9-9713-c22c14704d67-attachment.csv","type":"text/tab-separated-values"}],"parameters":[],"start":1761110042969,"stop":1761110048460},{"name":"\uD83D\uDCF8 User should input valid login credentials","status":"passed","statusDetails":{"known":false,"muted":false,"flaky":false},"stage":"finished","steps":[],"attachments":[{"name":"Screenshot","source":"93fb0c4f-1c47-4718-a305-a37fc57e947c-attachment.png","type":"image/png"}],"parameters":[],"start":1761110048461,"stop":1761110048565},{"name":"And Verify successfull login","status":"skipped","statusDetails":{"known":false,"muted":false,"flaky":false},"stage":"finished","steps":[],"attachments":[],"parameters":[],"start":1761110048566,"stop":1761110048567},{"name":"com.cheq.demo_webshop.hooks.Hooks.afterEachStep(io.cucumber.java.Scenario)","status":"skipped","statusDetails":{"known":false,"muted":false,"flaky":false},"stage":"finished","steps":[],"attachments":[],"parameters":[],"start":1761110048567,"stop":1761110048567},{"name":"And User click logout button","status":"skipped","statusDetails":{"known":false,"muted":false,"flaky":false},"stage":"finished","steps":[],"attachments":[],"parameters":[],"start":1761110048567,"stop":1761110048567},{"name":"com.cheq.demo_webshop.hooks.Hooks.afterEachStep(io.cucumber.java.Scenario)","status":"skipped","statusDetails":{"known":false,"muted":false,"flaky":false},"stage":"finished","steps":[],"attachments":[],"parameters":[],"start":1761110048567,"stop":1761110048567},{"name":"Then Verify successfull logout","status":"skipped","statusDetails":{"known":false,"muted":false,"flaky":false},"stage":"finished","steps":[],"attachments":[],"parameters":[],"start":1761110048567,"stop":1761110048567},{"name":"com.cheq.demo_webshop.hooks.Hooks.afterEachStep(io.cucumber.java.Scenario)","status":"skipped","statusDetails":{"known":false,"muted":false,"flaky":false},"stage":"finished","steps":[],"attachments":[],"parameters":[],"start":1761110048567,"stop":1761110048568}],"attachments":[],"parameters":[],"start":1761110034200,"stop":1761110049146}