{"uuid":"5a433ceb-8930-4763-b46c-1761c66f6b8e","historyId":"61135c6de46f6ea5d949b63dd0ccf75f","testCaseId":"7ce9b979358b3b5ca9cffc52e123a2be","fullName":"src/test/resources/feature/Login/login.feature:4","labels":[{"name":"tag","value":"login"},{"name":"host","value":"CHEQ-LAP-0332"},{"name":"thread","value":"18228@CHEQ-LAP-0332.main(3)"},{"name":"feature","value":"Login Functionality"},{"name":"story","value":"Login"},{"name":"suite","value":"Login Functionality"},{"name":"testClass","value":"Login"},{"name":"framework","value":"cucumber4jvm"},{"name":"language","value":"java"},{"name":"gherkin_uri","value":"file:///C:/Users/JohnLloydGonzales/Documents/Intermediate/AIIntegration/CucumberFramework/src/test/resources/feature/Login/login.feature"},{"name":"package","value":"src.test.resources.feature.Login.login_feature.Login Functionality"}],"links":[],"name":"Login","status":"broken","statusDetails":{"known":false,"muted":false,"flaky":false,"message":"Expected condition failed: waiting for visibility of element located by By.id: Email (tried for 5 second(s) with 500 milliseconds interval)\nBuild info: version: '4.27.0', revision: 'd6e718d134'\nSystem info: os.name: 'Windows 11', os.arch: 'amd64', os.version: '10.0', java.version: '24.0.1'\nDriver info: org.openqa.selenium.chrome.ChromeDriver\nCapabilities {acceptInsecureCerts: false, browserName: chrome, browserVersion: 141.0.7390.76, chrome: {chromedriverVersion: 141.0.7390.78 (2b53b0e231fc..., userDataDir: C:\\Users\\JOHNLL~1\\AppData\\L...}, fedcm:accounts: true, goog:chromeOptions: {debuggerAddress: localhost:60009}, networkConnectionEnabled: false, pageLoadStrategy: normal, platformName: windows, proxy: Proxy(), se:cdp: ws://localhost:60009/devtoo..., se:cdpVersion: 141.0.7390.76, setWindowRect: true, strictFileInteractability: false, timeouts: {implicit: 0, pageLoad: 300000, script: 30000}, unhandledPromptBehavior: dismiss and notify, webauthn:extension:credBlob: true, webauthn:extension:largeBlob: true, webauthn:extension:minPinLength: true, webauthn:extension:prf: true, webauthn:virtualAuthenticators: true}\nSession ID: ee18331ed000bcaf49dcd54fa5ed06f0","trace":"org.openqa.selenium.TimeoutException: Expected condition failed: waiting for visibility of element located by By.id: Email (tried for 5 second(s) with 500 milliseconds interval)\nBuild info: version: '4.27.0', revision: 'd6e718d134'\nSystem info: os.name: 'Windows 11', os.arch: 'amd64', os.version: '10.0', java.version: '24.0.1'\nDriver info: org.openqa.selenium.chrome.ChromeDriver\nCapabilities {acceptInsecureCerts: false, browserName: chrome, browserVersion: 141.0.7390.76, chrome: {chromedriverVersion: 141.0.7390.78 (2b53b0e231fc..., userDataDir: C:\\Users\\JOHNLL~1\\AppData\\L...}, fedcm:accounts: true, goog:chromeOptions: {debuggerAddress: localhost:60009}, networkConnectionEnabled: false, pageLoadStrategy: normal, platformName: windows, proxy: Proxy(), se:cdp: ws://localhost:60009/devtoo..., se:cdpVersion: 141.0.7390.76, setWindowRect: true, strictFileInteractability: false, timeouts: {implicit: 0, pageLoad: 300000, script: 30000}, unhandledPromptBehavior: dismiss and notify, webauthn:extension:credBlob: true, webauthn:extension:largeBlob: true, webauthn:extension:minPinLength: true, webauthn:extension:prf: true, webauthn:virtualAuthenticators: true}\nSession ID: ee18331ed000bcaf49dcd54fa5ed06f0\r\n\tat org.openqa.selenium.support.ui.WebDriverWait.timeoutException(WebDriverWait.java:84)\r\n\tat org.openqa.selenium.support.ui.FluentWait.until(FluentWait.java:228)\r\n\tat com.cheq.demo_webshop.utils.WaitUtil.waitForElementVisible(WaitUtil.java:38)\r\n\tat com.cheq.demo_webshop.utils.ElementActionUtils.inputElement(ElementActionUtils.java:51)\r\n\tat com.cheq.demo_webshop.pages.LoginPage.enterEmail(LoginPage.java:25)\r\n\tat com.cheq.demo_webshop.stepdefinitions.LoginSteps.user_should_input_valid_login_credentials(LoginSteps.java:49)\r\n\tat ✽.User should input valid login credentials(file:///C:/Users/JohnLloydGonzales/Documents/Intermediate/AIIntegration/CucumberFramework/src/test/resources/feature/Login/login.feature:8)\r\n"},"stage":"finished","steps":[{"name":"Given User navigate to webshop login page","status":"passed","statusDetails":{"known":false,"muted":false,"flaky":false},"stage":"finished","steps":[],"attachments":[{"name":"Data table","source":"dcbee1d3-95fb-4507-ac90-e7836fa63519-attachment.csv","type":"text/tab-separated-values"}],"parameters":[],"start":1761015376756,"stop":1761015377532},{"name":"\uD83D\uDCF8 User navigate to webshop login page","status":"passed","statusDetails":{"known":false,"muted":false,"flaky":false},"stage":"finished","steps":[],"attachments":[{"name":"Screenshot","source":"6a66b675-2cd7-4ce7-b80d-aad644a43dbc-attachment.png","type":"image/png"}],"parameters":[],"start":1761015377532,"stop":1761015377704},{"name":"When User should input valid login credentials","status":"broken","statusDetails":{"known":false,"muted":false,"flaky":false,"message":"Expected condition failed: waiting for visibility of element located by By.id: Email (tried for 5 second(s) with 500 milliseconds interval)\nBuild info: version: '4.27.0', revision: 'd6e718d134'\nSystem info: os.name: 'Windows 11', os.arch: 'amd64', os.version: '10.0', java.version: '24.0.1'\nDriver info: org.openqa.selenium.chrome.ChromeDriver\nCapabilities {acceptInsecureCerts: false, browserName: chrome, browserVersion: 141.0.7390.76, chrome: {chromedriverVersion: 141.0.7390.78 (2b53b0e231fc..., userDataDir: C:\\Users\\JOHNLL~1\\AppData\\L...}, fedcm:accounts: true, goog:chromeOptions: {debuggerAddress: localhost:60009}, networkConnectionEnabled: false, pageLoadStrategy: normal, platformName: windows, proxy: Proxy(), se:cdp: ws://localhost:60009/devtoo..., se:cdpVersion: 141.0.7390.76, setWindowRect: true, strictFileInteractability: false, timeouts: {implicit: 0, pageLoad: 300000, script: 30000}, unhandledPromptBehavior: dismiss and notify, webauthn:extension:credBlob: true, webauthn:extension:largeBlob: true, webauthn:extension:minPinLength: true, webauthn:extension:prf: true, webauthn:virtualAuthenticators: true}\nSession ID: ee18331ed000bcaf49dcd54fa5ed06f0","trace":"org.openqa.selenium.TimeoutException: Expected condition failed: waiting for visibility of element located by By.id: Email (tried for 5 second(s) with 500 milliseconds interval)\nBuild info: version: '4.27.0', revision: 'd6e718d134'\nSystem info: os.name: 'Windows 11', os.arch: 'amd64', os.version: '10.0', java.version: '24.0.1'\nDriver info: org.openqa.selenium.chrome.ChromeDriver\nCapabilities {acceptInsecureCerts: false, browserName: chrome, browserVersion: 141.0.7390.76, chrome: {chromedriverVersion: 141.0.7390.78 (2b53b0e231fc..., userDataDir: C:\\Users\\JOHNLL~1\\AppData\\L...}, fedcm:accounts: true, goog:chromeOptions: {debuggerAddress: localhost:60009}, networkConnectionEnabled: false, pageLoadStrategy: normal, platformName: windows, proxy: Proxy(), se:cdp: ws://localhost:60009/devtoo..., se:cdpVersion: 141.0.7390.76, setWindowRect: true, strictFileInteractability: false, timeouts: {implicit: 0, pageLoad: 300000, script: 30000}, unhandledPromptBehavior: dismiss and notify, webauthn:extension:credBlob: true, webauthn:extension:largeBlob: true, webauthn:extension:minPinLength: true, webauthn:extension:prf: true, webauthn:virtualAuthenticators: true}\nSession ID: ee18331ed000bcaf49dcd54fa5ed06f0\r\n\tat org.openqa.selenium.support.ui.WebDriverWait.timeoutException(WebDriverWait.java:84)\r\n\tat org.openqa.selenium.support.ui.FluentWait.until(FluentWait.java:228)\r\n\tat com.cheq.demo_webshop.utils.WaitUtil.waitForElementVisible(WaitUtil.java:38)\r\n\tat com.cheq.demo_webshop.utils.ElementActionUtils.inputElement(ElementActionUtils.java:51)\r\n\tat com.cheq.demo_webshop.pages.LoginPage.enterEmail(LoginPage.java:25)\r\n\tat com.cheq.demo_webshop.stepdefinitions.LoginSteps.user_should_input_valid_login_credentials(LoginSteps.java:49)\r\n\tat ✽.User should input valid login credentials(file:///C:/Users/JohnLloydGonzales/Documents/Intermediate/AIIntegration/CucumberFramework/src/test/resources/feature/Login/login.feature:8)\r\n"},"stage":"finished","steps":[],"attachments":[{"name":"Data table","source":"737ae860-c50e-48f2-a29d-369d29cc7a82-attachment.csv","type":"text/tab-separated-values"}],"parameters":[],"start":1761015377704,"stop":1761015407627},{"name":"\uD83D\uDCF8 User should input valid login credentials","status":"passed","statusDetails":{"known":false,"muted":false,"flaky":false},"stage":"finished","steps":[],"attachments":[{"name":"Screenshot","source":"ea26a1e1-133d-4922-844e-75b370afe589-attachment.png","type":"image/png"}],"parameters":[],"start":1761015407628,"stop":1761015407734},{"name":"And Verify successfull login","status":"skipped","statusDetails":{"known":false,"muted":false,"flaky":false},"stage":"finished","steps":[],"attachments":[],"parameters":[],"start":1761015407734,"stop":1761015407736},{"name":"com.cheq.demo_webshop.hooks.Hooks.afterEachStep(io.cucumber.java.Scenario)","status":"skipped","statusDetails":{"known":false,"muted":false,"flaky":false},"stage":"finished","steps":[],"attachments":[],"parameters":[],"start":1761015407736,"stop":1761015407736},{"name":"And User click logout button","status":"skipped","statusDetails":{"known":false,"muted":false,"flaky":false},"stage":"finished","steps":[],"attachments":[],"parameters":[],"start":1761015407736,"stop":1761015407737},{"name":"com.cheq.demo_webshop.hooks.Hooks.afterEachStep(io.cucumber.java.Scenario)","status":"skipped","statusDetails":{"known":false,"muted":false,"flaky":false},"stage":"finished","steps":[],"attachments":[],"parameters":[],"start":1761015407737,"stop":1761015407737},{"name":"Then Verify successfull logout","status":"skipped","statusDetails":{"known":false,"muted":false,"flaky":false},"stage":"finished","steps":[],"attachments":[],"parameters":[],"start":1761015407737,"stop":1761015407737},{"name":"com.cheq.demo_webshop.hooks.Hooks.afterEachStep(io.cucumber.java.Scenario)","status":"skipped","statusDetails":{"known":false,"muted":false,"flaky":false},"stage":"finished","steps":[],"attachments":[],"parameters":[],"start":1761015407737,"stop":1761015407737}],"attachments":[],"parameters":[],"start":1761015366401,"stop":1761015408475}