{"uuid":"832b2b10-ff42-4179-b11a-415b022dbd66","historyId":"61135c6de46f6ea5d949b63dd0ccf75f","testCaseId":"7ce9b979358b3b5ca9cffc52e123a2be","fullName":"src/test/resources/feature/Login/login.feature:4","labels":[{"name":"tag","value":"login"},{"name":"host","value":"CHEQ-LAP-0332"},{"name":"thread","value":"20268@CHEQ-LAP-0332.main(3)"},{"name":"feature","value":"Login Functionality"},{"name":"story","value":"Login"},{"name":"suite","value":"Login Functionality"},{"name":"testClass","value":"Login"},{"name":"framework","value":"cucumber4jvm"},{"name":"language","value":"java"},{"name":"gherkin_uri","value":"file:///C:/Users/JohnLloydGonzales/Documents/Intermediate/AIIntegration/CucumberFramework/src/test/resources/feature/Login/login.feature"},{"name":"package","value":"src.test.resources.feature.Login.login_feature.Login Functionality"}],"links":[],"name":"Login","status":"broken","statusDetails":{"known":false,"muted":false,"flaky":false,"message":"Expected condition failed: waiting for visibility of element located by By.xpath: //input[@id='Emails'] (tried for 5 second(s) with 500 milliseconds interval)\nBuild info: version: '4.27.0', revision: 'd6e718d134'\nSystem info: os.name: 'Windows 11', os.arch: 'amd64', os.version: '10.0', java.version: '24.0.1'\nDriver info: org.openqa.selenium.chrome.ChromeDriver\nCapabilities {acceptInsecureCerts: false, browserName: chrome, browserVersion: 141.0.7390.76, chrome: {chromedriverVersion: 141.0.7390.78 (2b53b0e231fc..., userDataDir: C:\\Users\\JOHNLL~1\\AppData\\L...}, fedcm:accounts: true, goog:chromeOptions: {debuggerAddress: localhost:63591}, networkConnectionEnabled: false, pageLoadStrategy: normal, platformName: windows, proxy: Proxy(), se:cdp: ws://localhost:63591/devtoo..., se:cdpVersion: 141.0.7390.76, setWindowRect: true, strictFileInteractability: false, timeouts: {implicit: 0, pageLoad: 300000, script: 30000}, unhandledPromptBehavior: dismiss and notify, webauthn:extension:credBlob: true, webauthn:extension:largeBlob: true, webauthn:extension:minPinLength: true, webauthn:extension:prf: true, webauthn:virtualAuthenticators: true}\nSession ID: 01eb9404e2b7ae20a2f78456f09cc1a5","trace":"org.openqa.selenium.TimeoutException: Expected condition failed: waiting for visibility of element located by By.xpath: //input[@id='Emails'] (tried for 5 second(s) with 500 milliseconds interval)\nBuild info: version: '4.27.0', revision: 'd6e718d134'\nSystem info: os.name: 'Windows 11', os.arch: 'amd64', os.version: '10.0', java.version: '24.0.1'\nDriver info: org.openqa.selenium.chrome.ChromeDriver\nCapabilities {acceptInsecureCerts: false, browserName: chrome, browserVersion: 141.0.7390.76, chrome: {chromedriverVersion: 141.0.7390.78 (2b53b0e231fc..., userDataDir: C:\\Users\\JOHNLL~1\\AppData\\L...}, fedcm:accounts: true, goog:chromeOptions: {debuggerAddress: localhost:63591}, networkConnectionEnabled: false, pageLoadStrategy: normal, platformName: windows, proxy: Proxy(), se:cdp: ws://localhost:63591/devtoo..., se:cdpVersion: 141.0.7390.76, setWindowRect: true, strictFileInteractability: false, timeouts: {implicit: 0, pageLoad: 300000, script: 30000}, unhandledPromptBehavior: dismiss and notify, webauthn:extension:credBlob: true, webauthn:extension:largeBlob: true, webauthn:extension:minPinLength: true, webauthn:extension:prf: true, webauthn:virtualAuthenticators: true}\nSession ID: 01eb9404e2b7ae20a2f78456f09cc1a5\r\n\tat org.openqa.selenium.support.ui.WebDriverWait.timeoutException(WebDriverWait.java:84)\r\n\tat org.openqa.selenium.support.ui.FluentWait.until(FluentWait.java:228)\r\n\tat com.cheq.demo_webshop.utils.WaitUtil.waitForElementVisible(WaitUtil.java:38)\r\n\tat com.cheq.demo_webshop.utils.ElementActionUtils.inputElement(ElementActionUtils.java:51)\r\n\tat com.cheq.demo_webshop.pages.LoginPage.enterEmail(LoginPage.java:25)\r\n\tat com.cheq.demo_webshop.stepdefinitions.LoginSteps.user_should_input_valid_login_credentials(LoginSteps.java:44)\r\n\tat ✽.User should input valid login credentials(file:///C:/Users/JohnLloydGonzales/Documents/Intermediate/AIIntegration/CucumberFramework/src/test/resources/feature/Login/login.feature:8)\r\n"},"stage":"finished","steps":[{"name":"Given User navigate to webshop login page","status":"passed","statusDetails":{"known":false,"muted":false,"flaky":false},"stage":"finished","steps":[],"attachments":[{"name":"Data table","source":"2fecefb9-6147-485e-87f2-08c1b9248ea1-attachment.csv","type":"text/tab-separated-values"}],"parameters":[],"start":1761014336108,"stop":1761014337636},{"name":"\uD83D\uDCF8 User navigate to webshop login page","status":"passed","statusDetails":{"known":false,"muted":false,"flaky":false},"stage":"finished","steps":[],"attachments":[{"name":"Screenshot","source":"ba1fa903-e82b-435a-9b0d-dbd5ed6a6247-attachment.png","type":"image/png"}],"parameters":[],"start":1761014337637,"stop":1761014337984},{"name":"When User should input valid login credentials","status":"broken","statusDetails":{"known":false,"muted":false,"flaky":false,"message":"Expected condition failed: waiting for visibility of element located by By.xpath: //input[@id='Emails'] (tried for 5 second(s) with 500 milliseconds interval)\nBuild info: version: '4.27.0', revision: 'd6e718d134'\nSystem info: os.name: 'Windows 11', os.arch: 'amd64', os.version: '10.0', java.version: '24.0.1'\nDriver info: org.openqa.selenium.chrome.ChromeDriver\nCapabilities {acceptInsecureCerts: false, browserName: chrome, browserVersion: 141.0.7390.76, chrome: {chromedriverVersion: 141.0.7390.78 (2b53b0e231fc..., userDataDir: C:\\Users\\JOHNLL~1\\AppData\\L...}, fedcm:accounts: true, goog:chromeOptions: {debuggerAddress: localhost:63591}, networkConnectionEnabled: false, pageLoadStrategy: normal, platformName: windows, proxy: Proxy(), se:cdp: ws://localhost:63591/devtoo..., se:cdpVersion: 141.0.7390.76, setWindowRect: true, strictFileInteractability: false, timeouts: {implicit: 0, pageLoad: 300000, script: 30000}, unhandledPromptBehavior: dismiss and notify, webauthn:extension:credBlob: true, webauthn:extension:largeBlob: true, webauthn:extension:minPinLength: true, webauthn:extension:prf: true, webauthn:virtualAuthenticators: true}\nSession ID: 01eb9404e2b7ae20a2f78456f09cc1a5","trace":"org.openqa.selenium.TimeoutException: Expected condition failed: waiting for visibility of element located by By.xpath: //input[@id='Emails'] (tried for 5 second(s) with 500 milliseconds interval)\nBuild info: version: '4.27.0', revision: 'd6e718d134'\nSystem info: os.name: 'Windows 11', os.arch: 'amd64', os.version: '10.0', java.version: '24.0.1'\nDriver info: org.openqa.selenium.chrome.ChromeDriver\nCapabilities {acceptInsecureCerts: false, browserName: chrome, browserVersion: 141.0.7390.76, chrome: {chromedriverVersion: 141.0.7390.78 (2b53b0e231fc..., userDataDir: C:\\Users\\JOHNLL~1\\AppData\\L...}, fedcm:accounts: true, goog:chromeOptions: {debuggerAddress: localhost:63591}, networkConnectionEnabled: false, pageLoadStrategy: normal, platformName: windows, proxy: Proxy(), se:cdp: ws://localhost:63591/devtoo..., se:cdpVersion: 141.0.7390.76, setWindowRect: true, strictFileInteractability: false, timeouts: {implicit: 0, pageLoad: 300000, script: 30000}, unhandledPromptBehavior: dismiss and notify, webauthn:extension:credBlob: true, webauthn:extension:largeBlob: true, webauthn:extension:minPinLength: true, webauthn:extension:prf: true, webauthn:virtualAuthenticators: true}\nSession ID: 01eb9404e2b7ae20a2f78456f09cc1a5\r\n\tat org.openqa.selenium.support.ui.WebDriverWait.timeoutException(WebDriverWait.java:84)\r\n\tat org.openqa.selenium.support.ui.FluentWait.until(FluentWait.java:228)\r\n\tat com.cheq.demo_webshop.utils.WaitUtil.waitForElementVisible(WaitUtil.java:38)\r\n\tat com.cheq.demo_webshop.utils.ElementActionUtils.inputElement(ElementActionUtils.java:51)\r\n\tat com.cheq.demo_webshop.pages.LoginPage.enterEmail(LoginPage.java:25)\r\n\tat com.cheq.demo_webshop.stepdefinitions.LoginSteps.user_should_input_valid_login_credentials(LoginSteps.java:44)\r\n\tat ✽.User should input valid login credentials(file:///C:/Users/JohnLloydGonzales/Documents/Intermediate/AIIntegration/CucumberFramework/src/test/resources/feature/Login/login.feature:8)\r\n"},"stage":"finished","steps":[],"attachments":[{"name":"Data table","source":"0f69a1b8-3a4d-4e94-bc71-21f49ae078da-attachment.csv","type":"text/tab-separated-values"}],"parameters":[],"start":1761014337984,"stop":1761014343467},{"name":"\uD83D\uDCF8 User should input valid login credentials","status":"passed","statusDetails":{"known":false,"muted":false,"flaky":false},"stage":"finished","steps":[],"attachments":[{"name":"Screenshot","source":"5ff9786c-0800-4bed-8f18-71685740aa04-attachment.png","type":"image/png"}],"parameters":[],"start":1761014343471,"stop":1761014343607},{"name":"And Verify successfull login","status":"skipped","statusDetails":{"known":false,"muted":false,"flaky":false},"stage":"finished","steps":[],"attachments":[],"parameters":[],"start":1761014343607,"stop":1761014343609},{"name":"com.cheq.demo_webshop.hooks.Hooks.afterEachStep(io.cucumber.java.Scenario)","status":"skipped","statusDetails":{"known":false,"muted":false,"flaky":false},"stage":"finished","steps":[],"attachments":[],"parameters":[],"start":1761014343609,"stop":1761014343609},{"name":"And User click logout button","status":"skipped","statusDetails":{"known":false,"muted":false,"flaky":false},"stage":"finished","steps":[],"attachments":[],"parameters":[],"start":1761014343609,"stop":1761014343609},{"name":"com.cheq.demo_webshop.hooks.Hooks.afterEachStep(io.cucumber.java.Scenario)","status":"skipped","statusDetails":{"known":false,"muted":false,"flaky":false},"stage":"finished","steps":[],"attachments":[],"parameters":[],"start":1761014343609,"stop":1761014343609},{"name":"Then Verify successfull logout","status":"skipped","statusDetails":{"known":false,"muted":false,"flaky":false},"stage":"finished","steps":[],"attachments":[],"parameters":[],"start":1761014343609,"stop":1761014343609},{"name":"com.cheq.demo_webshop.hooks.Hooks.afterEachStep(io.cucumber.java.Scenario)","status":"skipped","statusDetails":{"known":false,"muted":false,"flaky":false},"stage":"finished","steps":[],"attachments":[],"parameters":[],"start":1761014343609,"stop":1761014343610}],"attachments":[],"parameters":[],"start":1761014321946,"stop":1761014344345}