{"uuid":"83d9103d-4a74-44b2-95bc-c7c38d3c1023","historyId":"154da6fb089944cc8181c4a4f4386967","testCaseId":"f550cb12731e8d21fa9a5c12d0b72211","fullName":"src/test/resources/feature/Register/register.feature:4","labels":[{"name":"tag","value":"register"},{"name":"host","value":"CHEQ-LAP-0332"},{"name":"thread","value":"28204@CHEQ-LAP-0332.main(1)"},{"name":"feature","value":"Register Functionality"},{"name":"story","value":"Register"},{"name":"suite","value":"Register Functionality"},{"name":"testClass","value":"Register"},{"name":"framework","value":"cucumber4jvm"},{"name":"language","value":"java"},{"name":"gherkin_uri","value":"file:///C:/Users/JohnLloydGonzales/Documents/Intermediate/Final/CucumberFramework/src/test/resources/feature/Register/register.feature"},{"name":"package","value":"src.test.resources.feature.Register.register_feature.Register Functionality"}],"links":[],"name":"Register","status":"broken","statusDetails":{"known":false,"muted":false,"flaky":false,"message":"Expected condition failed: waiting for visibility of element located by By.xpath: //div[@class='result' and contains(text(),'Your registration completed')] (tried for 5 second(s) with 500 milliseconds interval)\nBuild info: version: '4.27.0', revision: 'd6e718d134'\nSystem info: os.name: 'Windows 11', os.arch: 'amd64', os.version: '10.0', java.version: '21.0.7'\nDriver info: org.openqa.selenium.chrome.ChromeDriver\nCapabilities {acceptInsecureCerts: false, browserName: chrome, browserVersion: 141.0.7390.108, chrome: {chromedriverVersion: 141.0.7390.122 (b477534e7e1..., userDataDir: C:\\Users\\JOHNLL~1\\AppData\\L...}, fedcm:accounts: true, goog:chromeOptions: {debuggerAddress: localhost:54409}, networkConnectionEnabled: false, pageLoadStrategy: normal, platformName: windows, proxy: Proxy(), se:cdp: ws://localhost:54409/devtoo..., se:cdpVersion: 141.0.7390.108, setWindowRect: true, strictFileInteractability: false, timeouts: {implicit: 0, pageLoad: 300000, script: 30000}, unhandledPromptBehavior: dismiss and notify, webauthn:extension:credBlob: true, webauthn:extension:largeBlob: true, webauthn:extension:minPinLength: true, webauthn:extension:prf: true, webauthn:virtualAuthenticators: true}\nSession ID: 0c800dfd60156df380c11750e04eb25b","trace":"org.openqa.selenium.TimeoutException: Expected condition failed: waiting for visibility of element located by By.xpath: //div[@class='result' and contains(text(),'Your registration completed')] (tried for 5 second(s) with 500 milliseconds interval)\nBuild info: version: '4.27.0', revision: 'd6e718d134'\nSystem info: os.name: 'Windows 11', os.arch: 'amd64', os.version: '10.0', java.version: '21.0.7'\nDriver info: org.openqa.selenium.chrome.ChromeDriver\nCapabilities {acceptInsecureCerts: false, browserName: chrome, browserVersion: 141.0.7390.108, chrome: {chromedriverVersion: 141.0.7390.122 (b477534e7e1..., userDataDir: C:\\Users\\JOHNLL~1\\AppData\\L...}, fedcm:accounts: true, goog:chromeOptions: {debuggerAddress: localhost:54409}, networkConnectionEnabled: false, pageLoadStrategy: normal, platformName: windows, proxy: Proxy(), se:cdp: ws://localhost:54409/devtoo..., se:cdpVersion: 141.0.7390.108, setWindowRect: true, strictFileInteractability: false, timeouts: {implicit: 0, pageLoad: 300000, script: 30000}, unhandledPromptBehavior: dismiss and notify, webauthn:extension:credBlob: true, webauthn:extension:largeBlob: true, webauthn:extension:minPinLength: true, webauthn:extension:prf: true, webauthn:virtualAuthenticators: true}\nSession ID: 0c800dfd60156df380c11750e04eb25b\r\n\tat org.openqa.selenium.support.ui.WebDriverWait.timeoutException(WebDriverWait.java:84)\r\n\tat org.openqa.selenium.support.ui.FluentWait.until$original$skDcwlYO(FluentWait.java:228)\r\n\tat org.openqa.selenium.support.ui.FluentWait.until$original$skDcwlYO$accessor$UXJ4nSZ7(FluentWait.java)\r\n\tat org.openqa.selenium.support.ui.FluentWait$auxiliary$SJuMjh3Y.morph(Unknown Source)\r\n\tat com.parasoft.selenic.javaagent.webdriver.FluentWaitInterceptor.until(FluentWaitInterceptor.java:42)\r\n\tat org.openqa.selenium.support.ui.FluentWait.until(FluentWait.java)\r\n\tat com.cheq.demo_webshop.utils.WaitUtil.waitForElementVisible(WaitUtil.java:38)\r\n\tat com.cheq.demo_webshop.utils.ElementActionUtils.verifyDisplayed(ElementActionUtils.java:63)\r\n\tat com.cheq.demo_webshop.pages.RegisterPage.isRegistrationSuccessful(RegisterPage.java:58)\r\n\tat com.cheq.demo_webshop.stepdefinitions.RegisterSteps.verify_registration_is_complete(RegisterSteps.java:55)\r\n\tat ✽.Verify registration is complete(file:///C:/Users/JohnLloydGonzales/Documents/Intermediate/Final/CucumberFramework/src/test/resources/feature/Register/register.feature:8)\r\n"},"stage":"finished","steps":[{"name":"Given User navigate to webshop registration page","status":"passed","statusDetails":{"known":false,"muted":false,"flaky":false},"stage":"finished","steps":[],"attachments":[],"parameters":[],"start":1761091871850,"stop":1761091874022},{"name":"\uD83D\uDCF8 User navigate to webshop registration page","status":"passed","statusDetails":{"known":false,"muted":false,"flaky":false},"stage":"finished","steps":[],"attachments":[{"name":"Screenshot","source":"f470837c-5a84-4824-8d15-b5ea2f8df61f-attachment.png","type":"image/png"}],"parameters":[],"start":1761091874022,"stop":1761091874154},{"name":"When User should input valid credentials","status":"passed","statusDetails":{"known":false,"muted":false,"flaky":false},"stage":"finished","steps":[],"attachments":[],"parameters":[],"start":1761091874154,"stop":1761091874771},{"name":"\uD83D\uDCF8 User should input valid credentials","status":"passed","statusDetails":{"known":false,"muted":false,"flaky":false},"stage":"finished","steps":[],"attachments":[{"name":"Screenshot","source":"fb618a89-6862-4f4f-96b2-0a6e6944816d-attachment.png","type":"image/png"}],"parameters":[],"start":1761091874771,"stop":1761091874900},{"name":"And User click register button","status":"passed","statusDetails":{"known":false,"muted":false,"flaky":false},"stage":"finished","steps":[],"attachments":[],"parameters":[],"start":1761091874900,"stop":1761091875892},{"name":"\uD83D\uDCF8 User click register button","status":"passed","statusDetails":{"known":false,"muted":false,"flaky":false},"stage":"finished","steps":[],"attachments":[{"name":"Screenshot","source":"e7847a44-1cea-45bd-8729-8aa835d0a3b8-attachment.png","type":"image/png"}],"parameters":[],"start":1761091875892,"stop":1761091876011},{"name":"Then Verify registration is complete","status":"broken","statusDetails":{"known":false,"muted":false,"flaky":false,"message":"Expected condition failed: waiting for visibility of element located by By.xpath: //div[@class='result' and contains(text(),'Your registration completed')] (tried for 5 second(s) with 500 milliseconds interval)\nBuild info: version: '4.27.0', revision: 'd6e718d134'\nSystem info: os.name: 'Windows 11', os.arch: 'amd64', os.version: '10.0', java.version: '21.0.7'\nDriver info: org.openqa.selenium.chrome.ChromeDriver\nCapabilities {acceptInsecureCerts: false, browserName: chrome, browserVersion: 141.0.7390.108, chrome: {chromedriverVersion: 141.0.7390.122 (b477534e7e1..., userDataDir: C:\\Users\\JOHNLL~1\\AppData\\L...}, fedcm:accounts: true, goog:chromeOptions: {debuggerAddress: localhost:54409}, networkConnectionEnabled: false, pageLoadStrategy: normal, platformName: windows, proxy: Proxy(), se:cdp: ws://localhost:54409/devtoo..., se:cdpVersion: 141.0.7390.108, setWindowRect: true, strictFileInteractability: false, timeouts: {implicit: 0, pageLoad: 300000, script: 30000}, unhandledPromptBehavior: dismiss and notify, webauthn:extension:credBlob: true, webauthn:extension:largeBlob: true, webauthn:extension:minPinLength: true, webauthn:extension:prf: true, webauthn:virtualAuthenticators: true}\nSession ID: 0c800dfd60156df380c11750e04eb25b","trace":"org.openqa.selenium.TimeoutException: Expected condition failed: waiting for visibility of element located by By.xpath: //div[@class='result' and contains(text(),'Your registration completed')] (tried for 5 second(s) with 500 milliseconds interval)\nBuild info: version: '4.27.0', revision: 'd6e718d134'\nSystem info: os.name: 'Windows 11', os.arch: 'amd64', os.version: '10.0', java.version: '21.0.7'\nDriver info: org.openqa.selenium.chrome.ChromeDriver\nCapabilities {acceptInsecureCerts: false, browserName: chrome, browserVersion: 141.0.7390.108, chrome: {chromedriverVersion: 141.0.7390.122 (b477534e7e1..., userDataDir: C:\\Users\\JOHNLL~1\\AppData\\L...}, fedcm:accounts: true, goog:chromeOptions: {debuggerAddress: localhost:54409}, networkConnectionEnabled: false, pageLoadStrategy: normal, platformName: windows, proxy: Proxy(), se:cdp: ws://localhost:54409/devtoo..., se:cdpVersion: 141.0.7390.108, setWindowRect: true, strictFileInteractability: false, timeouts: {implicit: 0, pageLoad: 300000, script: 30000}, unhandledPromptBehavior: dismiss and notify, webauthn:extension:credBlob: true, webauthn:extension:largeBlob: true, webauthn:extension:minPinLength: true, webauthn:extension:prf: true, webauthn:virtualAuthenticators: true}\nSession ID: 0c800dfd60156df380c11750e04eb25b\r\n\tat org.openqa.selenium.support.ui.WebDriverWait.timeoutException(WebDriverWait.java:84)\r\n\tat org.openqa.selenium.support.ui.FluentWait.until$original$skDcwlYO(FluentWait.java:228)\r\n\tat org.openqa.selenium.support.ui.FluentWait.until$original$skDcwlYO$accessor$UXJ4nSZ7(FluentWait.java)\r\n\tat org.openqa.selenium.support.ui.FluentWait$auxiliary$SJuMjh3Y.morph(Unknown Source)\r\n\tat com.parasoft.selenic.javaagent.webdriver.FluentWaitInterceptor.until(FluentWaitInterceptor.java:42)\r\n\tat org.openqa.selenium.support.ui.FluentWait.until(FluentWait.java)\r\n\tat com.cheq.demo_webshop.utils.WaitUtil.waitForElementVisible(WaitUtil.java:38)\r\n\tat com.cheq.demo_webshop.utils.ElementActionUtils.verifyDisplayed(ElementActionUtils.java:63)\r\n\tat com.cheq.demo_webshop.pages.RegisterPage.isRegistrationSuccessful(RegisterPage.java:58)\r\n\tat com.cheq.demo_webshop.stepdefinitions.RegisterSteps.verify_registration_is_complete(RegisterSteps.java:55)\r\n\tat ✽.Verify registration is complete(file:///C:/Users/JohnLloydGonzales/Documents/Intermediate/Final/CucumberFramework/src/test/resources/feature/Register/register.feature:8)\r\n"},"stage":"finished","steps":[],"attachments":[],"parameters":[],"start":1761091876011,"stop":1761091881502},{"name":"\uD83D\uDCF8 Verify registration is complete","status":"passed","statusDetails":{"known":false,"muted":false,"flaky":false},"stage":"finished","steps":[],"attachments":[{"name":"Screenshot","source":"ee0dcce8-8726-4bce-93f2-94be99cc554b-attachment.png","type":"image/png"}],"parameters":[],"start":1761091881503,"stop":1761091881616}],"attachments":[],"parameters":[],"start":1761091864764,"stop":1761091882220}