{"uuid":"d48c7304-cad6-4c7d-a9d5-0a3bf41bc38a","historyId":"61135c6de46f6ea5d949b63dd0ccf75f","testCaseId":"7ce9b979358b3b5ca9cffc52e123a2be","fullName":"src/test/resources/feature/Login/login.feature:4","labels":[{"name":"tag","value":"login"},{"name":"host","value":"CHEQ-LAP-0332"},{"name":"thread","value":"24276@CHEQ-LAP-0332.main(3)"},{"name":"feature","value":"Login Functionality"},{"name":"story","value":"Login"},{"name":"suite","value":"Login Functionality"},{"name":"testClass","value":"Login"},{"name":"framework","value":"cucumber4jvm"},{"name":"language","value":"java"},{"name":"gherkin_uri","value":"file:///C:/Users/JohnLloydGonzales/Documents/Intermediate/AIIntegration/CucumberFramework/src/test/resources/feature/Login/login.feature"},{"name":"package","value":"src.test.resources.feature.Login.login_feature.Login Functionality"}],"links":[],"name":"Login","status":"broken","statusDetails":{"known":false,"muted":false,"flaky":false,"message":"Expected condition failed: waiting for visibility of element located by By.id: Emails (tried for 5 second(s) with 500 milliseconds interval)\nBuild info: version: '4.27.0', revision: 'd6e718d134'\nSystem info: os.name: 'Windows 11', os.arch: 'amd64', os.version: '10.0', java.version: '24.0.1'\nDriver info: org.openqa.selenium.chrome.ChromeDriver\nCapabilities {acceptInsecureCerts: false, browserName: chrome, browserVersion: 141.0.7390.76, chrome: {chromedriverVersion: 141.0.7390.78 (2b53b0e231fc..., userDataDir: C:\\Users\\JOHNLL~1\\AppData\\L...}, fedcm:accounts: true, goog:chromeOptions: {debuggerAddress: localhost:54536}, networkConnectionEnabled: false, pageLoadStrategy: normal, platformName: windows, proxy: Proxy(), se:cdp: ws://localhost:54536/devtoo..., se:cdpVersion: 141.0.7390.76, setWindowRect: true, strictFileInteractability: false, timeouts: {implicit: 0, pageLoad: 300000, script: 30000}, unhandledPromptBehavior: dismiss and notify, webauthn:extension:credBlob: true, webauthn:extension:largeBlob: true, webauthn:extension:minPinLength: true, webauthn:extension:prf: true, webauthn:virtualAuthenticators: true}\nSession ID: 2a1227b73c49d4c26122b1523011251c","trace":"org.openqa.selenium.TimeoutException: Expected condition failed: waiting for visibility of element located by By.id: Emails (tried for 5 second(s) with 500 milliseconds interval)\nBuild info: version: '4.27.0', revision: 'd6e718d134'\nSystem info: os.name: 'Windows 11', os.arch: 'amd64', os.version: '10.0', java.version: '24.0.1'\nDriver info: org.openqa.selenium.chrome.ChromeDriver\nCapabilities {acceptInsecureCerts: false, browserName: chrome, browserVersion: 141.0.7390.76, chrome: {chromedriverVersion: 141.0.7390.78 (2b53b0e231fc..., userDataDir: C:\\Users\\JOHNLL~1\\AppData\\L...}, fedcm:accounts: true, goog:chromeOptions: {debuggerAddress: localhost:54536}, networkConnectionEnabled: false, pageLoadStrategy: normal, platformName: windows, proxy: Proxy(), se:cdp: ws://localhost:54536/devtoo..., se:cdpVersion: 141.0.7390.76, setWindowRect: true, strictFileInteractability: false, timeouts: {implicit: 0, pageLoad: 300000, script: 30000}, unhandledPromptBehavior: dismiss and notify, webauthn:extension:credBlob: true, webauthn:extension:largeBlob: true, webauthn:extension:minPinLength: true, webauthn:extension:prf: true, webauthn:virtualAuthenticators: true}\nSession ID: 2a1227b73c49d4c26122b1523011251c\r\n\tat org.openqa.selenium.support.ui.WebDriverWait.timeoutException(WebDriverWait.java:84)\r\n\tat org.openqa.selenium.support.ui.FluentWait.until(FluentWait.java:228)\r\n\tat com.cheq.demo_webshop.utils.WaitUtil.waitForElementVisible(WaitUtil.java:38)\r\n\tat com.cheq.demo_webshop.utils.ElementActionUtils.inputElement(ElementActionUtils.java:51)\r\n\tat com.cheq.demo_webshop.pages.LoginPage.enterEmail(LoginPage.java:25)\r\n\tat com.cheq.demo_webshop.stepdefinitions.LoginSteps.user_should_input_valid_login_credentials(LoginSteps.java:49)\r\n\tat ✽.User should input valid login credentials(file:///C:/Users/JohnLloydGonzales/Documents/Intermediate/AIIntegration/CucumberFramework/src/test/resources/feature/Login/login.feature:8)\r\n"},"stage":"finished","steps":[{"name":"Given User navigate to webshop login page","status":"passed","statusDetails":{"known":false,"muted":false,"flaky":false},"stage":"finished","steps":[],"attachments":[{"name":"Data table","source":"e1e4746e-56e5-4fe4-afc7-126380c03ea5-attachment.csv","type":"text/tab-separated-values"}],"parameters":[],"start":1761015317942,"stop":1761015319087},{"name":"\uD83D\uDCF8 User navigate to webshop login page","status":"passed","statusDetails":{"known":false,"muted":false,"flaky":false},"stage":"finished","steps":[],"attachments":[{"name":"Screenshot","source":"0f624556-dd7a-4727-9aa7-15d65a40d43b-attachment.png","type":"image/png"}],"parameters":[],"start":1761015319088,"stop":1761015319291},{"name":"When User should input valid login credentials","status":"broken","statusDetails":{"known":false,"muted":false,"flaky":false,"message":"Expected condition failed: waiting for visibility of element located by By.id: Emails (tried for 5 second(s) with 500 milliseconds interval)\nBuild info: version: '4.27.0', revision: 'd6e718d134'\nSystem info: os.name: 'Windows 11', os.arch: 'amd64', os.version: '10.0', java.version: '24.0.1'\nDriver info: org.openqa.selenium.chrome.ChromeDriver\nCapabilities {acceptInsecureCerts: false, browserName: chrome, browserVersion: 141.0.7390.76, chrome: {chromedriverVersion: 141.0.7390.78 (2b53b0e231fc..., userDataDir: C:\\Users\\JOHNLL~1\\AppData\\L...}, fedcm:accounts: true, goog:chromeOptions: {debuggerAddress: localhost:54536}, networkConnectionEnabled: false, pageLoadStrategy: normal, platformName: windows, proxy: Proxy(), se:cdp: ws://localhost:54536/devtoo..., se:cdpVersion: 141.0.7390.76, setWindowRect: true, strictFileInteractability: false, timeouts: {implicit: 0, pageLoad: 300000, script: 30000}, unhandledPromptBehavior: dismiss and notify, webauthn:extension:credBlob: true, webauthn:extension:largeBlob: true, webauthn:extension:minPinLength: true, webauthn:extension:prf: true, webauthn:virtualAuthenticators: true}\nSession ID: 2a1227b73c49d4c26122b1523011251c","trace":"org.openqa.selenium.TimeoutException: Expected condition failed: waiting for visibility of element located by By.id: Emails (tried for 5 second(s) with 500 milliseconds interval)\nBuild info: version: '4.27.0', revision: 'd6e718d134'\nSystem info: os.name: 'Windows 11', os.arch: 'amd64', os.version: '10.0', java.version: '24.0.1'\nDriver info: org.openqa.selenium.chrome.ChromeDriver\nCapabilities {acceptInsecureCerts: false, browserName: chrome, browserVersion: 141.0.7390.76, chrome: {chromedriverVersion: 141.0.7390.78 (2b53b0e231fc..., userDataDir: C:\\Users\\JOHNLL~1\\AppData\\L...}, fedcm:accounts: true, goog:chromeOptions: {debuggerAddress: localhost:54536}, networkConnectionEnabled: false, pageLoadStrategy: normal, platformName: windows, proxy: Proxy(), se:cdp: ws://localhost:54536/devtoo..., se:cdpVersion: 141.0.7390.76, setWindowRect: true, strictFileInteractability: false, timeouts: {implicit: 0, pageLoad: 300000, script: 30000}, unhandledPromptBehavior: dismiss and notify, webauthn:extension:credBlob: true, webauthn:extension:largeBlob: true, webauthn:extension:minPinLength: true, webauthn:extension:prf: true, webauthn:virtualAuthenticators: true}\nSession ID: 2a1227b73c49d4c26122b1523011251c\r\n\tat org.openqa.selenium.support.ui.WebDriverWait.timeoutException(WebDriverWait.java:84)\r\n\tat org.openqa.selenium.support.ui.FluentWait.until(FluentWait.java:228)\r\n\tat com.cheq.demo_webshop.utils.WaitUtil.waitForElementVisible(WaitUtil.java:38)\r\n\tat com.cheq.demo_webshop.utils.ElementActionUtils.inputElement(ElementActionUtils.java:51)\r\n\tat com.cheq.demo_webshop.pages.LoginPage.enterEmail(LoginPage.java:25)\r\n\tat com.cheq.demo_webshop.stepdefinitions.LoginSteps.user_should_input_valid_login_credentials(LoginSteps.java:49)\r\n\tat ✽.User should input valid login credentials(file:///C:/Users/JohnLloydGonzales/Documents/Intermediate/AIIntegration/CucumberFramework/src/test/resources/feature/Login/login.feature:8)\r\n"},"stage":"finished","steps":[],"attachments":[{"name":"Data table","source":"ebaa3d13-d249-452f-b11f-47be8b2de587-attachment.csv","type":"text/tab-separated-values"}],"parameters":[],"start":1761015319291,"stop":1761015324683},{"name":"\uD83D\uDCF8 User should input valid login credentials","status":"passed","statusDetails":{"known":false,"muted":false,"flaky":false},"stage":"finished","steps":[],"attachments":[{"name":"Screenshot","source":"9037f681-61e2-47d4-9a0d-0873d29e703c-attachment.png","type":"image/png"}],"parameters":[],"start":1761015324685,"stop":1761015324809},{"name":"And Verify successfull login","status":"skipped","statusDetails":{"known":false,"muted":false,"flaky":false},"stage":"finished","steps":[],"attachments":[],"parameters":[],"start":1761015324809,"stop":1761015324811},{"name":"com.cheq.demo_webshop.hooks.Hooks.afterEachStep(io.cucumber.java.Scenario)","status":"skipped","statusDetails":{"known":false,"muted":false,"flaky":false},"stage":"finished","steps":[],"attachments":[],"parameters":[],"start":1761015324811,"stop":1761015324812},{"name":"And User click logout button","status":"skipped","statusDetails":{"known":false,"muted":false,"flaky":false},"stage":"finished","steps":[],"attachments":[],"parameters":[],"start":1761015324812,"stop":1761015324812},{"name":"com.cheq.demo_webshop.hooks.Hooks.afterEachStep(io.cucumber.java.Scenario)","status":"skipped","statusDetails":{"known":false,"muted":false,"flaky":false},"stage":"finished","steps":[],"attachments":[],"parameters":[],"start":1761015324812,"stop":1761015324812},{"name":"Then Verify successfull logout","status":"skipped","statusDetails":{"known":false,"muted":false,"flaky":false},"stage":"finished","steps":[],"attachments":[],"parameters":[],"start":1761015324812,"stop":1761015324813},{"name":"com.cheq.demo_webshop.hooks.Hooks.afterEachStep(io.cucumber.java.Scenario)","status":"skipped","statusDetails":{"known":false,"muted":false,"flaky":false},"stage":"finished","steps":[],"attachments":[],"parameters":[],"start":1761015324813,"stop":1761015324813}],"attachments":[],"parameters":[],"start":1761015307786,"stop":1761015325614}